1534612046850	geckodriver	INFO	Listening on 127.0.0.1:50756
1534612049803	mozprofile::profile	INFO	Using profile path C:\Users\Han\AppData\Local\Temp\rust_mozprofile.NMr8bc2VAZ7W
1534612049813	geckodriver::marionette	INFO	Starting browser C:\Program Files (x86)\Mozilla Firefox\firefox.exe with args []
1534612049827	geckodriver::marionette	INFO	Connecting to Marionette on localhost:50765
1534612968268	geckodriver	INFO	Listening on 127.0.0.1:52556
1534612971217	mozprofile::profile	INFO	Using profile path C:\Users\Han\AppData\Local\Temp\rust_mozprofile.TzGDk8K5jdDg
1534612971228	geckodriver::marionette	INFO	Starting browser C:\Program Files (x86)\Mozilla Firefox\firefox.exe with args []
1534612971242	geckodriver::marionette	INFO	Connecting to Marionette on localhost:52564
1534612972086	Marionette	INFO	Listening on port 52564
JavaScript error: chrome://global/content/bindings/resizer.xml, line 19: Error: Permission denied to access property "documentElement"
JavaScript error: chrome://global/content/bindings/resizer.xml, line 19: Error: Permission denied to access property "documentElement"
JavaScript error: chrome://global/content/bindings/resizer.xml, line 19: Error: Permission denied to access property "documentElement"
JavaScript error: chrome://global/content/bindings/resizer.xml, line 19: Error: Permission denied to access property "documentElement"
JavaScript error: chrome://global/content/bindings/resizer.xml, line 19: Error: Permission denied to access property "documentElement"
JavaScript error: chrome://global/content/bindings/resizer.xml, line 19: Error: Permission denied to access property "documentElement"
JavaScript error: chrome://global/content/bindings/resizer.xml, line 19: Error: Permission denied to access property "documentElement"
JavaScript error: chrome://global/content/bindings/resizer.xml, line 19: Error: Permission denied to access property "documentElement"
JavaScript error: chrome://global/content/bindings/resizer.xml, line 19: Error: Permission denied to access property "documentElement"
JavaScript error: chrome://global/content/bindings/resizer.xml, line 19: Error: Permission denied to access property "documentElement"
JavaScript error: chrome://global/content/bindings/resizer.xml, line 19: Error: Permission denied to access property "documentElement"
JavaScript error: chrome://global/content/bindings/resizer.xml, line 19: Error: Permission denied to access property "documentElement"
JavaScript error: chrome://global/content/bindings/resizer.xml, line 19: Error: Permission denied to access property "documentElement"
JavaScript error: chrome://global/content/bindings/resizer.xml, line 19: Error: Permission denied to access property "documentElement"
JavaScript error: chrome://global/content/bindings/resizer.xml, line 19: Error: Permission denied to access property "documentElement"
JavaScript error: chrome://global/content/bindings/resizer.xml, line 19: Error: Permission denied to access property "documentElement"
JavaScript error: chrome://global/content/bindings/resizer.xml, line 19: Error: Permission denied to access property "documentElement"
JavaScript error: chrome://global/content/bindings/resizer.xml, line 19: Error: Permission denied to access property "documentElement"
JavaScript error: chrome://global/content/bindings/resizer.xml, line 19: Error: Permission denied to access property "documentElement"
JavaScript error: chrome://global/content/bindings/resizer.xml, line 19: Error: Permission denied to access property "documentElement"
JavaScript error: chrome://global/content/bindings/resizer.xml, line 19: Error: Permission denied to access property "documentElement"
JavaScript error: chrome://global/content/bindings/resizer.xml, line 19: Error: Permission denied to access property "documentElement"
JavaScript error: chrome://global/content/bindings/resizer.xml, line 19: Error: Permission denied to access property "documentElement"
JavaScript error: chrome://global/content/bindings/resizer.xml, line 19: Error: Permission denied to access property "documentElement"
JavaScript error: chrome://global/content/bindings/resizer.xml, line 19: Error: Permission denied to access property "documentElement"
JavaScript error: chrome://global/content/bindings/resizer.xml, line 19: Error: Permission denied to access property "documentElement"
JavaScript error: chrome://global/content/bindings/resizer.xml, line 19: Error: Permission denied to access property "documentElement"
JavaScript error: chrome://global/content/bindings/resizer.xml, line 19: Error: Permission denied to access property "documentElement"
JavaScript error: chrome://global/content/bindings/resizer.xml, line 19: Error: Permission denied to access property "documentElement"
JavaScript error: chrome://global/content/bindings/resizer.xml, line 19: Error: Permission denied to access property "documentElement"
JavaScript error: chrome://global/content/bindings/resizer.xml, line 19: Error: Permission denied to access property "documentElement"
JavaScript error: chrome://global/content/bindings/resizer.xml, line 19: Error: Permission denied to access property "documentElement"
JavaScript error: chrome://global/content/bindings/resizer.xml, line 19: Error: Permission denied to access property "documentElement"
JavaScript error: chrome://global/content/bindings/resizer.xml, line 19: Error: Permission denied to access property "documentElement"
JavaScript error: chrome://global/content/bindings/resizer.xml, line 19: Error: Permission denied to access property "documentElement"
JavaScript error: chrome://global/content/bindings/resizer.xml, line 19: Error: Permission denied to access property "documentElement"
JavaScript error: chrome://global/content/bindings/resizer.xml, line 19: Error: Permission denied to access property "documentElement"
JavaScript error: chrome://global/content/bindings/resizer.xml, line 19: Error: Permission denied to access property "documentElement"
JavaScript error: chrome://global/content/bindings/resizer.xml, line 19: Error: Permission denied to access property "documentElement"
JavaScript error: chrome://global/content/bindings/resizer.xml, line 19: Error: Permission denied to access property "documentElement"
JavaScript error: chrome://global/content/bindings/resizer.xml, line 19: Error: Permission denied to access property "documentElement"
JavaScript error: chrome://global/content/bindings/resizer.xml, line 19: Error: Permission denied to access property "documentElement"
JavaScript error: chrome://global/content/bindings/resizer.xml, line 19: Error: Permission denied to access property "documentElement"
JavaScript error: chrome://global/content/bindings/resizer.xml, line 19: Error: Permission denied to access property "documentElement"
JavaScript error: chrome://global/content/bindings/resizer.xml, line 19: Error: Permission denied to access property "documentElement"
JavaScript error: chrome://global/content/bindings/resizer.xml, line 19: Error: Permission denied to access property "documentElement"
JavaScript error: chrome://global/content/bindings/resizer.xml, line 19: Error: Permission denied to access property "documentElement"
JavaScript error: chrome://global/content/bindings/resizer.xml, line 19: Error: Permission denied to access property "documentElement"
JavaScript error: chrome://global/content/bindings/resizer.xml, line 19: Error: Permission denied to access property "documentElement"
JavaScript error: chrome://global/content/bindings/resizer.xml, line 19: Error: Permission denied to access property "documentElement"
JavaScript error: chrome://global/content/bindings/resizer.xml, line 19: Error: Permission denied to access property "documentElement"
JavaScript error: chrome://global/content/bindings/resizer.xml, line 19: Error: Permission denied to access property "documentElement"
JavaScript error: chrome://global/content/bindings/resizer.xml, line 19: Error: Permission denied to access property "documentElement"
JavaScript error: chrome://global/content/bindings/resizer.xml, line 19: Error: Permission denied to access property "documentElement"
JavaScript error: chrome://global/content/bindings/resizer.xml, line 19: Error: Permission denied to access property "documentElement"
JavaScript error: chrome://global/content/bindings/resizer.xml, line 19: Error: Permission denied to access property "documentElement"
JavaScript error: chrome://global/content/bindings/resizer.xml, line 19: Error: Permission denied to access property "documentElement"
JavaScript error: chrome://global/content/bindings/resizer.xml, line 19: Error: Permission denied to access property "documentElement"
JavaScript error: chrome://global/content/bindings/resizer.xml, line 19: Error: Permission denied to access property "documentElement"
JavaScript error: chrome://global/content/bindings/resizer.xml, line 19: Error: Permission denied to access property "documentElement"
JavaScript error: chrome://global/content/bindings/resizer.xml, line 19: Error: Permission denied to access property "documentElement"
JavaScript error: chrome://global/content/bindings/resizer.xml, line 19: Error: Permission denied to access property "documentElement"
JavaScript error: chrome://global/content/bindings/resizer.xml, line 19: Error: Permission denied to access property "documentElement"
JavaScript error: chrome://global/content/bindings/resizer.xml, line 19: Error: Permission denied to access property "documentElement"
JavaScript error: chrome://global/content/bindings/resizer.xml, line 19: Error: Permission denied to access property "documentElement"
JavaScript error: chrome://global/content/bindings/resizer.xml, line 19: Error: Permission denied to access property "documentElement"
JavaScript error: chrome://global/content/bindings/resizer.xml, line 19: Error: Permission denied to access property "documentElement"
JavaScript error: chrome://global/content/bindings/resizer.xml, line 19: Error: Permission denied to access property "documentElement"
JavaScript error: chrome://global/content/bindings/resizer.xml, line 19: Error: Permission denied to access property "documentElement"
JavaScript error: chrome://global/content/bindings/resizer.xml, line 19: Error: Permission denied to access property "documentElement"
JavaScript error: chrome://global/content/bindings/resizer.xml, line 19: Error: Permission denied to access property "documentElement"
JavaScript error: chrome://global/content/bindings/resizer.xml, line 19: Error: Permission denied to access property "documentElement"
JavaScript error: chrome://global/content/bindings/resizer.xml, line 19: Error: Permission denied to access property "documentElement"
JavaScript error: chrome://global/content/bindings/resizer.xml, line 19: Error: Permission denied to access property "documentElement"
JavaScript error: chrome://global/content/bindings/resizer.xml, line 19: Error: Permission denied to access property "documentElement"
JavaScript error: chrome://global/content/bindings/resizer.xml, line 19: Error: Permission denied to access property "documentElement"
JavaScript error: chrome://global/content/bindings/resizer.xml, line 19: Error: Permission denied to access property "documentElement"
JavaScript error: chrome://global/content/bindings/resizer.xml, line 19: Error: Permission denied to access property "documentElement"
JavaScript error: chrome://global/content/bindings/resizer.xml, line 19: Error: Permission denied to access property "documentElement"
JavaScript error: chrome://global/content/bindings/resizer.xml, line 19: Error: Permission denied to access property "documentElement"
JavaScript error: chrome://global/content/bindings/resizer.xml, line 19: Error: Permission denied to access property "documentElement"
JavaScript error: chrome://global/content/bindings/resizer.xml, line 19: Error: Permission denied to access property "documentElement"
JavaScript error: chrome://global/content/bindings/resizer.xml, line 19: Error: Permission denied to access property "documentElement"
JavaScript error: chrome://global/content/bindings/resizer.xml, line 19: Error: Permission denied to access property "documentElement"
JavaScript error: chrome://global/content/bindings/resizer.xml, line 19: Error: Permission denied to access property "documentElement"
JavaScript error: chrome://global/content/bindings/resizer.xml, line 19: Error: Permission denied to access property "documentElement"
JavaScript error: chrome://global/content/bindings/resizer.xml, line 19: Error: Permission denied to access property "documentElement"
JavaScript error: chrome://global/content/bindings/resizer.xml, line 19: Error: Permission denied to access property "documentElement"
JavaScript error: chrome://global/content/bindings/resizer.xml, line 19: Error: Permission denied to access property "documentElement"
JavaScript error: chrome://global/content/bindings/resizer.xml, line 19: Error: Permission denied to access property "documentElement"
JavaScript error: chrome://global/content/bindings/resizer.xml, line 19: Error: Permission denied to access property "documentElement"
JavaScript error: chrome://global/content/bindings/resizer.xml, line 19: Error: Permission denied to access property "documentElement"
JavaScript error: chrome://global/content/bindings/resizer.xml, line 19: Error: Permission denied to access property "documentElement"
JavaScript error: chrome://global/content/bindings/resizer.xml, line 19: Error: Permission denied to access property "documentElement"
JavaScript error: chrome://global/content/bindings/resizer.xml, line 19: Error: Permission denied to access property "documentElement"
JavaScript error: chrome://global/content/bindings/resizer.xml, line 19: Error: Permission denied to access property "documentElement"
JavaScript error: chrome://global/content/bindings/resizer.xml, line 19: Error: Permission denied to access property "documentElement"
JavaScript error: chrome://global/content/bindings/resizer.xml, line 19: Error: Permission denied to access property "documentElement"
JavaScript error: chrome://global/content/bindings/resizer.xml, line 19: Error: Permission denied to access property "documentElement"
JavaScript error: chrome://global/content/bindings/resizer.xml, line 19: Error: Permission denied to access property "documentElement"
JavaScript error: chrome://global/content/bindings/resizer.xml, line 19: Error: Permission denied to access property "documentElement"
JavaScript error: chrome://global/content/bindings/resizer.xml, line 19: Error: Permission denied to access property "documentElement"
JavaScript error: chrome://global/content/bindings/resizer.xml, line 19: Error: Permission denied to access property "documentElement"
JavaScript error: chrome://global/content/bindings/resizer.xml, line 19: Error: Permission denied to access property "documentElement"
JavaScript error: chrome://global/content/bindings/resizer.xml, line 19: Error: Permission denied to access property "documentElement"
JavaScript error: chrome://global/content/bindings/resizer.xml, line 19: Error: Permission denied to access property "documentElement"
JavaScript error: chrome://global/content/bindings/resizer.xml, line 19: Error: Permission denied to access property "documentElement"
JavaScript error: chrome://global/content/bindings/resizer.xml, line 19: Error: Permission denied to access property "documentElement"
JavaScript error: chrome://global/content/bindings/resizer.xml, line 19: Error: Permission denied to access property "documentElement"
JavaScript error: chrome://global/content/bindings/resizer.xml, line 19: Error: Permission denied to access property "documentElement"
JavaScript error: http://map.naver.com/js2/compact/jquery-plugins,constant,naverlib,mapservice,autocomplete,mapcommon,maplogger,overview,mapservice-new,overlay,regionnav,toolbox,mapsearch_polygon,indoor,panorama,mapsearch,bookmark,recent,mappoi,sharing,perimeter-info_v1530525221860.js, line 4868: TypeError: d.className is undefined

KLIB_SelfTest return : KLR_OK
